mode: set
p2p-back-end/modules/auth/controller/auth.go:17.73,27.2 7 1
p2p-back-end/modules/auth/controller/auth.go:29.52,32.2 2 0
p2p-back-end/modules/auth/controller/auth.go:43.54,45.43 2 1
p2p-back-end/modules/auth/controller/auth.go:45.43,48.3 2 0
p2p-back-end/modules/auth/controller/auth.go:49.2,50.16 2 1
p2p-back-end/modules/auth/controller/auth.go:50.16,52.3 1 0
p2p-back-end/modules/auth/controller/auth.go:54.2,54.30 1 1
p2p-back-end/modules/auth/controller/auth.go:77.51,79.43 2 1
p2p-back-end/modules/auth/controller/auth.go:79.43,82.3 2 0
p2p-back-end/modules/auth/controller/auth.go:83.2,84.16 2 1
p2p-back-end/modules/auth/controller/auth.go:84.16,86.3 1 0
p2p-back-end/modules/auth/controller/auth.go:88.2,102.47 8 1
p2p-back-end/modules/auth/controller/auth.go:107.56,109.43 2 0
p2p-back-end/modules/auth/controller/auth.go:109.43,112.3 2 0
p2p-back-end/modules/auth/controller/auth.go:113.2,114.16 2 0
p2p-back-end/modules/auth/controller/auth.go:114.16,116.3 1 0
p2p-back-end/modules/auth/controller/auth.go:118.2,118.30 1 0
p2p-back-end/modules/auth/controller/auth.go:132.83,136.2 1 0
p2p-back-end/modules/auth/controller/auth.go:147.79,158.2 7 0
p2p-back-end/modules/auth/controller/handler.go:13.55,14.25 1 0
p2p-back-end/modules/auth/controller/handler.go:15.21,22.4 1 0
p2p-back-end/modules/auth/controller/handler.go:23.13,30.4 1 0
p2p-back-end/modules/auth/controller/handler.go:32.2,32.12 1 0
p2p-back-end/modules/auth/controller/handler.go:36.60,44.2 1 0
p2p-back-end/modules/auth/controller/handler.go:46.60,55.2 1 1
p2p-back-end/modules/auth/repository/auth_db.go:13.61,15.2 1 1
p2p-back-end/modules/auth/repository/auth_db.go:17.68,20.92 2 1
p2p-back-end/modules/auth/repository/auth_db.go:20.92,22.3 1 0
p2p-back-end/modules/auth/repository/auth_db.go:23.2,23.23 1 1
p2p-back-end/modules/auth/service/auth_service.go:26.22,28.2 1 1
p2p-back-end/modules/auth/service/auth_service.go:30.72,34.16 3 1
p2p-back-end/modules/auth/service/auth_service.go:34.16,37.3 2 0
p2p-back-end/modules/auth/service/auth_service.go:39.2,54.16 4 1
p2p-back-end/modules/auth/service/auth_service.go:54.16,57.109 1 0
p2p-back-end/modules/auth/service/auth_service.go:57.109,68.18 4 0
p2p-back-end/modules/auth/service/auth_service.go:68.18,71.5 2 0
p2p-back-end/modules/auth/service/auth_service.go:72.4,76.18 3 0
p2p-back-end/modules/auth/service/auth_service.go:76.18,79.5 2 0
p2p-back-end/modules/auth/service/auth_service.go:81.9,85.4 2 0
p2p-back-end/modules/auth/service/auth_service.go:88.2,89.16 2 1
p2p-back-end/modules/auth/service/auth_service.go:89.16,92.3 2 0
p2p-back-end/modules/auth/service/auth_service.go:94.2,95.16 2 1
p2p-back-end/modules/auth/service/auth_service.go:95.16,98.3 2 0
p2p-back-end/modules/auth/service/auth_service.go:101.2,102.16 2 1
p2p-back-end/modules/auth/service/auth_service.go:102.16,105.3 2 0
p2p-back-end/modules/auth/service/auth_service.go:108.2,109.16 2 1
p2p-back-end/modules/auth/service/auth_service.go:109.16,111.17 2 0
p2p-back-end/modules/auth/service/auth_service.go:111.17,114.4 2 0
p2p-back-end/modules/auth/service/auth_service.go:117.2,118.16 2 1
p2p-back-end/modules/auth/service/auth_service.go:118.16,121.3 2 0
p2p-back-end/modules/auth/service/auth_service.go:122.2,122.20 1 1
p2p-back-end/modules/auth/service/auth_service.go:125.66,130.16 3 1
p2p-back-end/modules/auth/service/auth_service.go:130.16,133.3 2 0
p2p-back-end/modules/auth/service/auth_service.go:135.2,135.31 1 1
